[debug] [2021-01-03T01:21:14.158Z] ----------------------------------------------------------------------
[debug] [2021-01-03T01:21:14.159Z] Command:       D:\Program Files\nodejs\node.exe C:\Users\bhvkb\AppData\Roaming\npm\node_modules\firebase-tools\lib\bin\firebase.js deploy
[debug] [2021-01-03T01:21:14.160Z] CLI Version:   8.11.1
[debug] [2021-01-03T01:21:14.160Z] Platform:      win32
[debug] [2021-01-03T01:21:14.160Z] Node Version:  v13.12.0
[debug] [2021-01-03T01:21:14.161Z] Time:          Sat Jan 02 2021 19:21:14 GMT-0600 (Central Standard Time)
[debug] [2021-01-03T01:21:14.161Z] ----------------------------------------------------------------------
[debug] [2021-01-03T01:21:14.161Z] 
[debug] [2021-01-03T01:21:14.174Z] > command requires scopes: ["email","openid","https://www.googleapis.com/auth/cloudplatformprojects.readonly","https://www.googleapis.com/auth/firebase","https://www.googleapis.com/auth/cloud-platform"]
[debug] [2021-01-03T01:21:14.174Z] > authorizing via signed-in user
[debug] [2021-01-03T01:21:14.174Z] [iam] checking project the-gooners-world for permissions ["firebase.projects.get","firebasehosting.sites.update"]
[debug] [2021-01-03T01:21:14.177Z] > refreshing access token with scopes: ["email","https://www.googleapis.com/auth/cloud-platform","https://www.googleapis.com/auth/cloudplatformprojects.readonly","https://www.googleapis.com/auth/firebase","openid"]
[debug] [2021-01-03T01:21:14.177Z] >>> HTTP REQUEST POST https://www.googleapis.com/oauth2/v3/token  
 <request body omitted>
[debug] [2021-01-03T01:21:14.396Z] <<< HTTP RESPONSE 200 {"expires":"Mon, 01 Jan 1990 00:00:00 GMT","cache-control":"no-cache, no-store, max-age=0, must-revalidate","pragma":"no-cache","date":"Sun, 03 Jan 2021 01:21:13 GMT","content-type":"application/json; charset=utf-8","vary":"X-Origin, Referer, Origin,Accept-Encoding","server":"scaffolding on HTTPServer2","x-xss-protection":"0","x-frame-options":"SAMEORIGIN","x-content-type-options":"nosniff","alt-svc":"h3-29=\":443\"; ma=2592000,h3-T051=\":443\"; ma=2592000,h3-Q050=\":443\"; ma=2592000,h3-Q046=\":443\"; ma=2592000,h3-Q043=\":443\"; ma=2592000,quic=\":443\"; ma=2592000; v=\"46,43\"","accept-ranges":"none","transfer-encoding":"chunked"}
[debug] [2021-01-03T01:21:14.402Z] >>> HTTP REQUEST POST https://cloudresourcemanager.googleapis.com/v1/projects/the-gooners-world:testIamPermissions  
 {"permissions":["firebase.projects.get","firebasehosting.sites.update"]}
[debug] [2021-01-03T01:21:35.439Z] [iam] error while checking permissions, command may fail: FirebaseError: Server Error. connect ETIMEDOUT 216.58.194.138:443
[debug] [2021-01-03T01:21:35.441Z] >>> HTTP REQUEST GET https://firebase.googleapis.com/v1beta1/projects/the-gooners-world  
 
[debug] [2021-01-03T01:21:35.627Z] <<< HTTP RESPONSE 200 {"content-type":"application/json; charset=UTF-8","vary":"X-Origin, Referer, Origin,Accept-Encoding","date":"Sun, 03 Jan 2021 01:21:34 GMT","server":"ESF","cache-control":"private","x-xss-protection":"0","x-frame-options":"SAMEORIGIN","x-content-type-options":"nosniff","alt-svc":"h3-29=\":443\"; ma=2592000,h3-T051=\":443\"; ma=2592000,h3-Q050=\":443\"; ma=2592000,h3-Q046=\":443\"; ma=2592000,h3-Q043=\":443\"; ma=2592000,quic=\":443\"; ma=2592000; v=\"46,43\"","accept-ranges":"none","transfer-encoding":"chunked"}
[info] 
[info] === Deploying to 'the-gooners-world'...
[info] 
[info] i  deploying hosting 
[debug] [2021-01-03T01:21:35.644Z] >>> HTTP REQUEST POST https://firebasehosting.googleapis.com/v1beta1/sites/the-gooners-world/versions  
 {"config":{},"labels":{"deployment-tool":"cli-firebase"}}
[debug] [2021-01-03T01:21:36.196Z] <<< HTTP RESPONSE 200 {"content-type":"application/json; charset=UTF-8","vary":"X-Origin, Referer, Origin,Accept-Encoding","date":"Sun, 03 Jan 2021 01:21:34 GMT","server":"ESF","cache-control":"private","x-xss-protection":"0","x-frame-options":"SAMEORIGIN","x-content-type-options":"nosniff","alt-svc":"h3-29=\":443\"; ma=2592000,h3-T051=\":443\"; ma=2592000,h3-Q050=\":443\"; ma=2592000,h3-Q046=\":443\"; ma=2592000,h3-Q043=\":443\"; ma=2592000,quic=\":443\"; ma=2592000; v=\"46,43\"","accept-ranges":"none","transfer-encoding":"chunked"}
[info] i  hosting[the-gooners-world]: beginning deploy... 
[info] i  hosting[the-gooners-world]: found 40 files in build 
[debug] [2021-01-03T01:21:36.665Z] [hosting] hash cache [YnVpbGQ] stored for 40 files
[debug] [2021-01-03T01:21:36.665Z] [hosting][hash queue][FINAL] {"max":430,"min":12,"avg":65.575,"active":0,"complete":40,"success":40,"errored":0,"retried":0,"total":40,"elapsed":438}
[debug] [2021-01-03T01:21:36.665Z] >>> HTTP REQUEST POST https://firebasehosting.googleapis.com/v1beta1/sites/the-gooners-world/versions/16071f6e87c24d5a:populateFiles  
 <request body omitted>
[debug] [2021-01-03T01:21:37.903Z] <<< HTTP RESPONSE 200 {"content-type":"application/json; charset=UTF-8","vary":"X-Origin, Referer, Origin,Accept-Encoding","date":"Sun, 03 Jan 2021 01:21:36 GMT","server":"ESF","cache-control":"private","x-xss-protection":"0","x-frame-options":"SAMEORIGIN","x-content-type-options":"nosniff","alt-svc":"h3-29=\":443\"; ma=2592000,h3-T051=\":443\"; ma=2592000,h3-Q050=\":443\"; ma=2592000,h3-Q046=\":443\"; ma=2592000,h3-Q043=\":443\"; ma=2592000,quic=\":443\"; ma=2592000; v=\"46,43\"","accept-ranges":"none","transfer-encoding":"chunked"}
[debug] [2021-01-03T01:21:37.909Z] [hosting][populate queue][FINAL] {"max":1242,"min":1242,"avg":1242,"active":0,"complete":1,"success":1,"errored":0,"retried":0,"total":1,"elapsed":1246}
[debug] [2021-01-03T01:21:37.909Z] [hosting] uploads queued: 7
[debug] [2021-01-03T01:21:59.366Z] [uploadQueue] Retrying task f13b2e7916d549f935805860d778a2ae1d6d93e4b2755fb02db9fd26cb6cb242
[debug] [2021-01-03T01:22:21.173Z] [uploadQueue] Retrying task f13b2e7916d549f935805860d778a2ae1d6d93e4b2755fb02db9fd26cb6cb242
[debug] [2021-01-03T01:22:21.639Z] [hosting][upload queue][FINAL] {"max":1554,"min":466,"avg":801.7142857142857,"active":0,"complete":7,"success":7,"errored":0,"retried":2,"total":7,"elapsed":43735}
[info] +  hosting[the-gooners-world]: file upload complete 
[debug] [2021-01-03T01:22:21.640Z] [hosting] deploy completed after 45443ms
[debug] [2021-01-03T01:22:24.710Z] [
  {
    "config": {
      "public": "build",
      "ignore": [
        "firebase.json",
        "**/.*",
        "**/node_modules/**"
      ],
      "site": "the-gooners-world"
    },
    "site": "the-gooners-world",
    "version": "sites/the-gooners-world/versions/16071f6e87c24d5a"
  }
]
[info] i  hosting[the-gooners-world]: finalizing version... 
[debug] [2021-01-03T01:22:24.713Z] >>> HTTP REQUEST PATCH https://firebasehosting.googleapis.com/v1beta1/sites/the-gooners-world/versions/16071f6e87c24d5a?updateMask=status  
 {"status":"FINALIZED"}
[debug] [2021-01-03T01:22:46.790Z] Error: connect ETIMEDOUT 216.58.193.138:443
    at TCPConnectWrap.afterConnect [as oncomplete] (net.js:1141:16)
[error] 
[error] Error: Server Error. connect ETIMEDOUT 216.58.193.138:443
